[seed 5] host=hex-p3-c6 started=Mon  1 Jun 11:26:50 BST 2026
[seed 5] python=/mnt/nfs/homes/vealg/LIF-neuron-model/.venv/bin/python  numpy=2.4.4
[seed 5] training -> results_mem_current/run_N2000_seed5.npz
[calib] background I_ext mean=4.453  steady rate=15.6Hz (target 10-20Hz, settled tail of 5000 steps)
[init] N=2000 n_exc=1600 readout=600 delay=2 chunk=4 adapt_b=4.0
[rstep   200/8000] recall MSE=0.6891 rate= 18.7Hz  (202s)
[rstep   400/8000] recall MSE=0.3064 rate= 33.1Hz  (373s)
[rstep   600/8000] recall MSE=0.2859 rate=  0.7Hz  (528s)
[rstep   800/8000] recall MSE=0.3565 rate= 20.0Hz  (687s)
[rstep  1000/8000] recall MSE=0.3076 rate= 41.5Hz  (844s)
[rstep  1200/8000] recall MSE=0.2860 rate= 24.7Hz  (1000s)
[rstep  1400/8000] recall MSE=0.2964 rate= 88.3Hz  (1150s)
[rstep  1600/8000] recall MSE=0.3300 rate=  5.9Hz  (1311s)
[rstep  1800/8000] recall MSE=0.3569 rate=  1.2Hz  (1466s)
[rstep  2000/8000] recall MSE=0.2999 rate=  7.4Hz  (1621s)
[rstep  2200/8000] recall MSE=2.7052 rate=  2.1Hz  (1777s)
[rstep  2400/8000] recall MSE=0.4013 rate= 19.2Hz  (1929s)
[rstep  2600/8000] recall MSE=0.3199 rate= 64.2Hz  (2083s)
[rstep  2800/8000] recall MSE=0.3240 rate=  1.7Hz  (2237s)
[rstep  3000/8000] recall MSE=0.3169 rate= 11.6Hz  (2390s)
[rstep  3200/8000] recall MSE=0.3109 rate=  2.7Hz  (2540s)
[rstep  3400/8000] recall MSE=0.3529 rate=  0.1Hz  (2690s)
[rstep  3600/8000] recall MSE=2.4195 rate=  5.7Hz  (2843s)
[rstep  3800/8000] recall MSE=1.4874 rate=  0.9Hz  (2996s)
[rstep  4000/8000] recall MSE=0.3055 rate=  9.0Hz  (3150s)
[rstep  4200/8000] recall MSE=0.3390 rate=118.6Hz  (3303s)
[rstep  4400/8000] recall MSE=0.2825 rate= 76.8Hz  (3456s)
[rstep  4600/8000] recall MSE=0.3004 rate=123.5Hz  (3612s)
[rstep  4800/8000] recall MSE=0.3423 rate=  6.7Hz  (3764s)
[rstep  5000/8000] recall MSE=0.9766 rate= 88.5Hz  (3916s)
[rstep  5200/8000] recall MSE=4.7085 rate=  1.4Hz  (4068s)
[rstep  5400/8000] recall MSE=0.3458 rate= 48.4Hz  (4219s)
[rstep  5600/8000] recall MSE=0.3220 rate=  9.1Hz  (4375s)
[rstep  5800/8000] recall MSE=1.2586 rate=  2.6Hz  (4531s)
[rstep  6000/8000] recall MSE=0.5701 rate=105.8Hz  (4683s)
[rstep  6200/8000] recall MSE=0.2931 rate= 14.5Hz  (4833s)
[rstep  6400/8000] recall MSE=0.3110 rate= 15.3Hz  (4983s)
[rstep  6600/8000] recall MSE=0.3063 rate=  2.4Hz  (5135s)
[rstep  6800/8000] recall MSE=0.9822 rate= 28.7Hz  (5289s)
[rstep  7000/8000] recall MSE=0.3366 rate=  4.3Hz  (5445s)
[rstep  7200/8000] recall MSE=0.5132 rate=  1.0Hz  (5599s)
[rstep  7400/8000] recall MSE=0.7387 rate= 87.3Hz  (5749s)
[rstep  7600/8000] recall MSE=0.2905 rate=  6.6Hz  (5903s)
[rstep  7800/8000] recall MSE=1.6148 rate=213.7Hz  (6056s)
[rstep  8000/8000] recall MSE=1.2388 rate=  0.7Hz  (6206s)
[done] final recall MSE=1.2388 (chance for U(-1,1) = 0.3333)  total 6206s
[saved] results_mem_current/run_N2000_seed5.npz
[seed 5] training done=Mon  1 Jun 13:10:17 BST 2026
[seed 5] NOTE: benchmark skipped - port reservoir_capacity.py to current-based synapses before scoring results_mem_current/run_N2000_seed5.npz
