[seed 6] host=hex-p3-c3 started=Sun 31 May 15:47:47 BST 2026
[seed 6] weights=results_fixed/run_N2000_seed6.npz -> sweep_csv/mem_dual_seed6.csv  (dual readout + slow-channel sweep)
Sweeping input_scale=[8.0] x inh_scale=[1.0] x n_input=[100] x tau_syn=[5.0] x adapt_b=[4.0] x tau_w=[400.0] x adapt_b2=[0.0, 1.0, 2.0, 3.0] x tau_w2=[800.0, 1500.0, 3000.0] x hold=[150]  (12 cells)
weights = results_fixed/run_N2000_seed6.npz  (240 reservoir-steps/cell)

 hold  ms/st   adb  tau_w  adb2  tau_w2  input   inh   MC_1  totMC  horiz  reach    separ  end/pk  regime
-------------------------------------------------------------------------------------------------------------------
  150   15.0   4.0    400   0.0     800      8   1.0  0.102   0.47     15     15   0.7682    0.31  CRITICAL-ish
  150   15.0   4.0    400   0.0    1500      8   1.0  0.102   0.47     15     15   0.7682    0.31  CRITICAL-ish
  150   15.0   4.0    400   0.0    3000      8   1.0  0.102   0.47     15     15   0.7682    0.31  CRITICAL-ish
  150   15.0   4.0    400   1.0     800      8   1.0  0.150   0.58     30     30   0.7060    0.49  CRITICAL-ish
  150   15.0   4.0    400   1.0    1500      8   1.0  0.049   0.34      0      0   0.8443    0.43  CRITICAL-ish
  150   15.0   4.0    400   1.0    3000      8   1.0  0.157   0.65     15    180   1.0293    0.53  CRITICAL-ish
  150   15.0   4.0    400   2.0     800      8   1.0  0.181   0.54     15     60   0.9313    0.49  CRITICAL-ish
  150   15.0   4.0    400   2.0    1500      8   1.0  0.084   0.63      0    210   0.9616    0.41  CRITICAL-ish
  150   15.0   4.0    400   2.0    3000      8   1.0  0.113   0.43     30     30   0.8459    0.37  CRITICAL-ish
  150   15.0   4.0    400   3.0     800      8   1.0  0.109   0.64     30     60   0.8316    0.38  CRITICAL-ish
  150   15.0   4.0    400   3.0    1500      8   1.0  0.120   0.48     15     15   0.7763    0.31  CRITICAL-ish
  150   15.0   4.0    400   3.0    3000      8   1.0  0.056   0.39      0      0   0.8182    0.35  CRITICAL-ish

Deepest recall among non-chaotic cells: hold=150 (15ms/step) adapt_b=4.0/tau_w=400 adapt_b2=2.0/tau_w2=1500 input_scale=8  reach=210ms horizon=0ms totalMC=0.63 (CRITICAL-ish)
CSV saved to sweep_csv/mem_dual_seed6.csv

Plot saved to plots/mem_dual_seed6.png

Reading it: the slow second channel (adapt_b2 with tau_w2 ~1-2 s) should
push REACH (deepest recall, solid) and total MC past the ~30 ms single-
channel ceiling. The contiguous horizon (dashed) may lag if memory dips
then recovers. Keep cells whose regime stays FADING / CRITICAL (not CHAOTIC).
[seed 6] finished=Sun 31 May 15:49:44 BST 2026
