[seed 7] host=hex-p3-c3 started=Sun 31 May 15:47:47 BST 2026
[seed 7] weights=results_fixed/run_N2000_seed7.npz -> sweep_csv/mem_dual_seed7.csv  (dual readout + slow-channel sweep)
Sweeping input_scale=[8.0] x inh_scale=[1.0] x n_input=[100] x tau_syn=[5.0] x adapt_b=[4.0] x tau_w=[400.0] x adapt_b2=[0.0, 1.0, 2.0, 3.0] x tau_w2=[800.0, 1500.0, 3000.0] x hold=[150]  (12 cells)
weights = results_fixed/run_N2000_seed7.npz  (240 reservoir-steps/cell)

 hold  ms/st   adb  tau_w  adb2  tau_w2  input   inh   MC_1  totMC  horiz  reach    separ  end/pk  regime
-------------------------------------------------------------------------------------------------------------------
  150   15.0   4.0    400   0.0     800      8   1.0  0.105   0.39     15     15   0.7686    0.53  CRITICAL-ish
  150   15.0   4.0    400   0.0    1500      8   1.0  0.105   0.39     15     15   0.7686    0.53  CRITICAL-ish
  150   15.0   4.0    400   0.0    3000      8   1.0  0.105   0.39     15     15   0.7686    0.53  CRITICAL-ish
  150   15.0   4.0    400   1.0     800      8   1.0  0.117   0.39     15     15   0.7611    0.54  CRITICAL-ish
  150   15.0   4.0    400   1.0    1500      8   1.0  0.166   0.45     15     15   0.6986    0.48  CRITICAL-ish
  150   15.0   4.0    400   1.0    3000      8   1.0  0.199   0.39     15     15   0.6681    0.35  CRITICAL-ish
  150   15.0   4.0    400   2.0     800      8   1.0  0.164   0.49     15     15   0.6762    0.58  CRITICAL-ish
  150   15.0   4.0    400   2.0    1500      8   1.0  0.131   0.58     30     30   0.6736    0.72  CRITICAL-ish
  150   15.0   4.0    400   2.0    3000      8   1.0  0.103   0.44     15     15   0.6984    0.60  CRITICAL-ish
  150   15.0   4.0    400   3.0     800      8   1.0  0.067   0.36      0      0   0.7535    0.56  CRITICAL-ish
  150   15.0   4.0    400   3.0    1500      8   1.0  0.118   0.46     15     15   0.8441    0.42  CRITICAL-ish
  150   15.0   4.0    400   3.0    3000      8   1.0  0.057   0.32      0      0   0.6657    0.62  CRITICAL-ish

Deepest recall among non-chaotic cells: hold=150 (15ms/step) adapt_b=4.0/tau_w=400 adapt_b2=2.0/tau_w2=1500 input_scale=8  reach=30ms horizon=30ms totalMC=0.58 (CRITICAL-ish)
CSV saved to sweep_csv/mem_dual_seed7.csv

Plot saved to plots/mem_dual_seed7.png

Reading it: the slow second channel (adapt_b2 with tau_w2 ~1-2 s) should
push REACH (deepest recall, solid) and total MC past the ~30 ms single-
channel ceiling. The contiguous horizon (dashed) may lag if memory dips
then recovers. Keep cells whose regime stays FADING / CRITICAL (not CHAOTIC).
[seed 7] finished=Sun 31 May 15:49:34 BST 2026
