[seed 9] host=hex-p3-c4 started=Sun 31 May 15:47:47 BST 2026
[seed 9] weights=results_fixed/run_N2000_seed9.npz -> sweep_csv/mem_dual_seed9.csv  (dual readout + slow-channel sweep)
Sweeping input_scale=[8.0] x inh_scale=[1.0] x n_input=[100] x tau_syn=[5.0] x adapt_b=[4.0] x tau_w=[400.0] x adapt_b2=[0.0, 1.0, 2.0, 3.0] x tau_w2=[800.0, 1500.0, 3000.0] x hold=[150]  (12 cells)
weights = results_fixed/run_N2000_seed9.npz  (240 reservoir-steps/cell)

 hold  ms/st   adb  tau_w  adb2  tau_w2  input   inh   MC_1  totMC  horiz  reach    separ  end/pk  regime
-------------------------------------------------------------------------------------------------------------------
  150   15.0   4.0    400   0.0     800      8   1.0  0.096   0.59      0     30   0.6946    0.33  CRITICAL-ish
  150   15.0   4.0    400   0.0    1500      8   1.0  0.096   0.59      0     30   0.6946    0.33  CRITICAL-ish
  150   15.0   4.0    400   0.0    3000      8   1.0  0.096   0.59      0     30   0.6946    0.33  CRITICAL-ish
  150   15.0   4.0    400   1.0     800      8   1.0  0.090   0.37      0      0   0.6932    0.36  CRITICAL-ish
  150   15.0   4.0    400   1.0    1500      8   1.0  0.071   0.51      0     30   0.8560    0.58  CRITICAL-ish
  150   15.0   4.0    400   1.0    3000      8   1.0  0.121   0.50     15     15   0.8077    0.41  CRITICAL-ish
  150   15.0   4.0    400   2.0     800      8   1.0  0.092   0.51      0      0   0.8352    0.46  CRITICAL-ish
  150   15.0   4.0    400   2.0    1500      8   1.0  0.081   0.53      0      0   0.7694    0.44  CRITICAL-ish
  150   15.0   4.0    400   2.0    3000      8   1.0  0.108   0.37     15     15   0.7707    0.39  CRITICAL-ish
  150   15.0   4.0    400   3.0     800      8   1.0  0.071   0.61      0     30   0.7635    0.50  CRITICAL-ish
  150   15.0   4.0    400   3.0    1500      8   1.0  0.101   0.38     15     15   0.6752    0.48  CRITICAL-ish
  150   15.0   4.0    400   3.0    3000      8   1.0  0.060   0.37      0      0   0.6984    0.48  CRITICAL-ish

Deepest recall among non-chaotic cells: hold=150 (15ms/step) adapt_b=4.0/tau_w=400 adapt_b2=3.0/tau_w2=800 input_scale=8  reach=30ms horizon=0ms totalMC=0.61 (CRITICAL-ish)
CSV saved to sweep_csv/mem_dual_seed9.csv

Plot saved to plots/mem_dual_seed9.png

Reading it: the slow second channel (adapt_b2 with tau_w2 ~1-2 s) should
push REACH (deepest recall, solid) and total MC past the ~30 ms single-
channel ceiling. The contiguous horizon (dashed) may lag if memory dips
then recovers. Keep cells whose regime stays FADING / CRITICAL (not CHAOTIC).
[seed 9] finished=Sun 31 May 15:49:33 BST 2026
