[seed 7] host=hex-p3-c8 started=Mon  1 Jun 11:26:50 BST 2026
[seed 7] python=/mnt/nfs/homes/vealg/LIF-neuron-model/.venv/bin/python  numpy=2.4.4
[seed 7] training -> results_mem_current/run_N2000_seed7.npz
[calib] background I_ext mean=4.453  steady rate=14.0Hz (target 10-20Hz, settled tail of 5000 steps)
[init] N=2000 n_exc=1600 readout=600 delay=2 chunk=4 adapt_b=4.0
[rstep   200/8000] recall MSE=0.5478 rate=  1.5Hz  (167s)
[rstep   400/8000] recall MSE=0.3454 rate= 37.9Hz  (320s)
[rstep   600/8000] recall MSE=0.3848 rate= 63.5Hz  (478s)
[rstep   800/8000] recall MSE=0.3400 rate=  8.5Hz  (642s)
[rstep  1000/8000] recall MSE=0.3197 rate=  1.0Hz  (804s)
[rstep  1200/8000] recall MSE=0.3343 rate= 38.9Hz  (966s)
[rstep  1400/8000] recall MSE=0.3383 rate=  4.6Hz  (1129s)
[rstep  1600/8000] recall MSE=0.3650 rate= 21.0Hz  (1290s)
[rstep  1800/8000] recall MSE=0.3509 rate=  1.1Hz  (1452s)
[rstep  2000/8000] recall MSE=0.3209 rate=  1.6Hz  (1615s)
[rstep  2200/8000] recall MSE=0.3185 rate=  1.1Hz  (1778s)
[rstep  2400/8000] recall MSE=0.3012 rate=  1.0Hz  (1939s)
[rstep  2600/8000] recall MSE=0.3329 rate= 66.8Hz  (2100s)
[rstep  2800/8000] recall MSE=0.2972 rate=  0.3Hz  (2263s)
[rstep  3000/8000] recall MSE=0.2867 rate= 18.5Hz  (2423s)
[rstep  3200/8000] recall MSE=0.3000 rate=  9.7Hz  (2585s)
[rstep  3400/8000] recall MSE=0.3005 rate= 63.6Hz  (2744s)
[rstep  3600/8000] recall MSE=0.3291 rate= 37.2Hz  (2905s)
[rstep  3800/8000] recall MSE=0.3011 rate= 20.6Hz  (3066s)
[rstep  4000/8000] recall MSE=0.3332 rate= 59.9Hz  (3227s)
[rstep  4200/8000] recall MSE=0.3278 rate= 17.0Hz  (3390s)
[rstep  4400/8000] recall MSE=0.3192 rate=  1.2Hz  (3554s)
[rstep  4600/8000] recall MSE=0.3809 rate= 70.4Hz  (3717s)
[rstep  4800/8000] recall MSE=0.3822 rate= 18.7Hz  (3877s)
[rstep  5000/8000] recall MSE=0.4551 rate= 78.7Hz  (4039s)
[rstep  5200/8000] recall MSE=1.0683 rate= 10.6Hz  (4201s)
[rstep  5400/8000] recall MSE=0.9948 rate= 93.1Hz  (4363s)
[rstep  5600/8000] recall MSE=0.3405 rate=  1.1Hz  (4526s)
[rstep  5800/8000] recall MSE=0.3799 rate= 21.2Hz  (4687s)
[rstep  6000/8000] recall MSE=0.4473 rate=  0.4Hz  (4848s)
[rstep  6200/8000] recall MSE=0.3298 rate=123.4Hz  (5008s)
[rstep  6400/8000] recall MSE=20.6860 rate= 59.3Hz  (5169s)
[rstep  6600/8000] recall MSE=0.4477 rate=  1.5Hz  (5335s)
[rstep  6800/8000] recall MSE=0.3123 rate=  1.2Hz  (5498s)
[rstep  7000/8000] recall MSE=0.3626 rate=  1.2Hz  (5659s)
[rstep  7200/8000] recall MSE=0.4910 rate=  0.6Hz  (5822s)
[rstep  7400/8000] recall MSE=0.8316 rate= 86.0Hz  (5983s)
[rstep  7600/8000] recall MSE=0.3413 rate= 84.2Hz  (6145s)
[rstep  7800/8000] recall MSE=0.3990 rate=  0.6Hz  (6290s)
[rstep  8000/8000] recall MSE=5.7352 rate= 23.7Hz  (6424s)
[done] final recall MSE=5.7352 (chance for U(-1,1) = 0.3333)  total 6424s
[saved] results_mem_current/run_N2000_seed7.npz
[seed 7] training done=Mon  1 Jun 13:13:54 BST 2026
[seed 7] NOTE: benchmark skipped - port reservoir_capacity.py to current-based synapses before scoring results_mem_current/run_N2000_seed7.npz
