[seed 5] host=hex-p3-c2 started=Sun 31 May 15:03:18 BST 2026
[seed 5] weights=results_fixed/run_N2000_seed5.npz -> sweep_csv/mem_adapt_seed5.csv
Sweeping input_scale=[8.0] x inh_scale=[1.0] x n_input=[100] x tau_syn=[5.0] x adapt_b=[0.0, 2.0, 4.0, 6.0, 8.0] x tau_w=[100.0, 200.0, 400.0]  (15 cells)
weights = results_fixed/run_N2000_seed5.npz

 tau_s   adb  tau_w  n_in  input   inh   MC_1  totMC horiz_ms    separ  end/pk  regime
------------------------------------------------------------------------------------------------
     5   0.0    100   100      8   1.0  0.040   0.44        0   0.2285    0.75  CRITICAL-ish
     5   0.0    200   100      8   1.0  0.040   0.44        0   0.2285    0.75  CRITICAL-ish
     5   0.0    400   100      8   1.0  0.040   0.44        0   0.2285    0.75  CRITICAL-ish
     5   2.0    100   100      8   1.0  0.190   0.93       15   0.0713    0.35  CRITICAL-ish
     5   2.0    200   100      8   1.0  0.332   0.99       45   0.0985    0.15  FADING MEMORY
     5   2.0    400   100      8   1.0  0.212   0.82       30   0.0790    0.25  FADING MEMORY
     5   4.0    100   100      8   1.0  0.220   0.93       60   0.0699    0.17  FADING MEMORY
     5   4.0    200   100      8   1.0  0.174   0.62       45   0.0645    0.31  CRITICAL-ish
     5   4.0    400   100      8   1.0  0.291   0.97       30   0.0560    0.33  CRITICAL-ish
     5   6.0    100   100      8   1.0  0.238   0.87       30   0.0570    0.35  CRITICAL-ish
     5   6.0    200   100      8   1.0  0.138   0.66       30   0.0559    0.26  FADING MEMORY
     5   6.0    400   100      8   1.0  0.255   0.65       30   0.0621    0.28  FADING MEMORY
     5   8.0    100   100      8   1.0  0.193   1.19       30   0.0518    0.40  CRITICAL-ish
     5   8.0    200   100      8   1.0  0.186   0.90       30   0.0456    0.27  FADING MEMORY
     5   8.0    400   100      8   1.0  0.162   0.73       30   0.0529    0.23  FADING MEMORY

Longest recall among non-chaotic cells: tau_syn=5ms adapt_b=4.0 tau_w=100ms n_input=100 input_scale=8 inh_scale=1.0  horizon=60ms totalMC=0.93 (FADING MEMORY)
CSV saved to sweep_csv/mem_adapt_seed5.csv

Plot saved to plots/mem_adapt_seed5.png

Reading it: turning on adaptation (adapt_b > 0) with tau_w ~100-300 ms
should push the recall horizon up WITHOUT collapsing total MC the way
raising tau_syn did. Take the longest horizon whose regime is still FADING
MEMORY or CRITICAL-ish (not CHAOTIC); those adapt_b/tau_w are your settings.
[seed 5] finished=Sun 31 May 15:05:24 BST 2026
