[seed 2] host=hex-p3-c1 started=Sun 31 May 15:47:47 BST 2026
[seed 2] weights=results_fixed/run_N2000_seed2.npz -> sweep_csv/mem_dual_seed2.csv  (dual readout + slow-channel sweep)
Sweeping input_scale=[8.0] x inh_scale=[1.0] x n_input=[100] x tau_syn=[5.0] x adapt_b=[4.0] x tau_w=[400.0] x adapt_b2=[0.0, 1.0, 2.0, 3.0] x tau_w2=[800.0, 1500.0, 3000.0] x hold=[150]  (12 cells)
weights = results_fixed/run_N2000_seed2.npz  (240 reservoir-steps/cell)

 hold  ms/st   adb  tau_w  adb2  tau_w2  input   inh   MC_1  totMC  horiz  reach    separ  end/pk  regime
-------------------------------------------------------------------------------------------------------------------
  150   15.0   4.0    400   0.0     800      8   1.0  0.133   0.55     30     30   0.7726    0.36  CRITICAL-ish
  150   15.0   4.0    400   0.0    1500      8   1.0  0.133   0.55     30     30   0.7726    0.36  CRITICAL-ish
  150   15.0   4.0    400   0.0    3000      8   1.0  0.133   0.55     30     30   0.7726    0.36  CRITICAL-ish
  150   15.0   4.0    400   1.0     800      8   1.0  0.174   0.64     15     15   0.7396    0.56  CRITICAL-ish
  150   15.0   4.0    400   1.0    1500      8   1.0  0.139   0.57     15     15   0.7936    0.39  CRITICAL-ish
  150   15.0   4.0    400   1.0    3000      8   1.0  0.167   0.57     15     15   0.8127    0.38  CRITICAL-ish
  150   15.0   4.0    400   2.0     800      8   1.0  0.146   0.60     15     15   0.7380    0.60  CRITICAL-ish
  150   15.0   4.0    400   2.0    1500      8   1.0  0.157   0.57     30     30   0.5936    0.53  CRITICAL-ish
  150   15.0   4.0    400   2.0    3000      8   1.0  0.154   0.49     15     15   0.6040    0.68  CRITICAL-ish
  150   15.0   4.0    400   3.0     800      8   1.0  0.177   0.68     15     15   0.6853    0.67  CRITICAL-ish
  150   15.0   4.0    400   3.0    1500      8   1.0  0.144   0.51     15     15   0.6709    0.38  CRITICAL-ish
  150   15.0   4.0    400   3.0    3000      8   1.0  0.116   0.48     15     15   0.7419    0.68  CRITICAL-ish

Deepest recall among non-chaotic cells: hold=150 (15ms/step) adapt_b=4.0/tau_w=400 adapt_b2=2.0/tau_w2=1500 input_scale=8  reach=30ms horizon=30ms totalMC=0.57 (CRITICAL-ish)
CSV saved to sweep_csv/mem_dual_seed2.csv

Plot saved to plots/mem_dual_seed2.png

Reading it: the slow second channel (adapt_b2 with tau_w2 ~1-2 s) should
push REACH (deepest recall, solid) and total MC past the ~30 ms single-
channel ceiling. The contiguous horizon (dashed) may lag if memory dips
then recovers. Keep cells whose regime stays FADING / CRITICAL (not CHAOTIC).
[seed 2] finished=Sun 31 May 15:49:35 BST 2026
