[seed 1] host=hex-p3-c1 started=Sun 31 May 15:47:47 BST 2026
[seed 1] weights=results_fixed/run_N2000_seed1.npz -> sweep_csv/mem_dual_seed1.csv  (dual readout + slow-channel sweep)
Sweeping input_scale=[8.0] x inh_scale=[1.0] x n_input=[100] x tau_syn=[5.0] x adapt_b=[4.0] x tau_w=[400.0] x adapt_b2=[0.0, 1.0, 2.0, 3.0] x tau_w2=[800.0, 1500.0, 3000.0] x hold=[150]  (12 cells)
weights = results_fixed/run_N2000_seed1.npz  (240 reservoir-steps/cell)

 hold  ms/st   adb  tau_w  adb2  tau_w2  input   inh   MC_1  totMC  horiz  reach    separ  end/pk  regime
-------------------------------------------------------------------------------------------------------------------
  150   15.0   4.0    400   0.0     800      8   1.0  0.114   0.77     30     30   0.5873    0.44  CRITICAL-ish
  150   15.0   4.0    400   0.0    1500      8   1.0  0.114   0.77     30     30   0.5873    0.44  CRITICAL-ish
  150   15.0   4.0    400   0.0    3000      8   1.0  0.114   0.77     30     30   0.5873    0.44  CRITICAL-ish
  150   15.0   4.0    400   1.0     800      8   1.0  0.026   0.43      0      0   0.5895    0.48  CRITICAL-ish
  150   15.0   4.0    400   1.0    1500      8   1.0  0.089   0.45      0     30   0.7299    0.40  CRITICAL-ish
  150   15.0   4.0    400   1.0    3000      8   1.0  0.098   0.44      0      0   0.6211    0.34  CRITICAL-ish
  150   15.0   4.0    400   2.0     800      8   1.0  0.027   0.31      0      0   0.6369    0.46  CRITICAL-ish
  150   15.0   4.0    400   2.0    1500      8   1.0  0.131   0.64     15     15   0.5924    0.39  CRITICAL-ish
  150   15.0   4.0    400   2.0    3000      8   1.0  0.122   0.60     15     15   0.6435    0.47  CRITICAL-ish
  150   15.0   4.0    400   3.0     800      8   1.0  0.130   0.58     15     15   0.4977    0.34  CRITICAL-ish
  150   15.0   4.0    400   3.0    1500      8   1.0  0.223   0.49     15     15   0.5682    0.56  CRITICAL-ish
  150   15.0   4.0    400   3.0    3000      8   1.0  0.089   0.36      0      0   0.5843    0.40  CRITICAL-ish

Deepest recall among non-chaotic cells: hold=150 (15ms/step) adapt_b=4.0/tau_w=400 adapt_b2=0.0/tau_w2=800 input_scale=8  reach=30ms horizon=30ms totalMC=0.77 (CRITICAL-ish)
CSV saved to sweep_csv/mem_dual_seed1.csv

Plot saved to plots/mem_dual_seed1.png

Reading it: the slow second channel (adapt_b2 with tau_w2 ~1-2 s) should
push REACH (deepest recall, solid) and total MC past the ~30 ms single-
channel ceiling. The contiguous horizon (dashed) may lag if memory dips
then recovers. Keep cells whose regime stays FADING / CRITICAL (not CHAOTIC).
[seed 1] finished=Sun 31 May 15:49:37 BST 2026
