[seed 0] host=hex-p3-c1 started=Sun 31 May 15:47:47 BST 2026
[seed 0] weights=results_fixed/run_N2000_seed0.npz -> sweep_csv/mem_dual_seed0.csv  (dual readout + slow-channel sweep)
Sweeping input_scale=[8.0] x inh_scale=[1.0] x n_input=[100] x tau_syn=[5.0] x adapt_b=[4.0] x tau_w=[400.0] x adapt_b2=[0.0, 1.0, 2.0, 3.0] x tau_w2=[800.0, 1500.0, 3000.0] x hold=[150]  (12 cells)
weights = results_fixed/run_N2000_seed0.npz  (240 reservoir-steps/cell)

 hold  ms/st   adb  tau_w  adb2  tau_w2  input   inh   MC_1  totMC  horiz  reach    separ  end/pk  regime
-------------------------------------------------------------------------------------------------------------------
  150   15.0   4.0    400   0.0     800      8   1.0  0.043   0.65      0      0   0.6883    0.32  CRITICAL-ish
  150   15.0   4.0    400   0.0    1500      8   1.0  0.043   0.65      0      0   0.6883    0.32  CRITICAL-ish
  150   15.0   4.0    400   0.0    3000      8   1.0  0.043   0.65      0      0   0.6883    0.32  CRITICAL-ish
  150   15.0   4.0    400   1.0     800      8   1.0  0.118   0.65     30     30   0.7056    0.51  CRITICAL-ish
  150   15.0   4.0    400   1.0    1500      8   1.0  0.082   0.48      0      0   0.6730    0.34  CRITICAL-ish
  150   15.0   4.0    400   1.0    3000      8   1.0  0.086   0.64      0      0   0.7536    0.40  CRITICAL-ish
  150   15.0   4.0    400   2.0     800      8   1.0  0.147   0.56     15     15   0.5277    0.40  CRITICAL-ish
  150   15.0   4.0    400   2.0    1500      8   1.0  0.090   0.48      0      0   0.6029    0.75  CRITICAL-ish
  150   15.0   4.0    400   2.0    3000      8   1.0  0.078   0.32      0      0   0.5895    0.34  CRITICAL-ish
  150   15.0   4.0    400   3.0     800      8   1.0  0.105   0.42     15     15   0.6998    0.43  CRITICAL-ish
  150   15.0   4.0    400   3.0    1500      8   1.0  0.055   0.45      0      0   0.5945    0.65  CRITICAL-ish
  150   15.0   4.0    400   3.0    3000      8   1.0  0.071   0.40      0      0   0.6134    0.49  CRITICAL-ish

Deepest recall among non-chaotic cells: hold=150 (15ms/step) adapt_b=4.0/tau_w=400 adapt_b2=1.0/tau_w2=800 input_scale=8  reach=30ms horizon=30ms totalMC=0.65 (CRITICAL-ish)
CSV saved to sweep_csv/mem_dual_seed0.csv

Plot saved to plots/mem_dual_seed0.png

Reading it: the slow second channel (adapt_b2 with tau_w2 ~1-2 s) should
push REACH (deepest recall, solid) and total MC past the ~30 ms single-
channel ceiling. The contiguous horizon (dashed) may lag if memory dips
then recovers. Keep cells whose regime stays FADING / CRITICAL (not CHAOTIC).
[seed 0] finished=Sun 31 May 15:49:40 BST 2026
