[seed 3] host=hex-p3-c2 started=Sun 31 May 15:47:47 BST 2026
[seed 3] weights=results_fixed/run_N2000_seed3.npz -> sweep_csv/mem_dual_seed3.csv  (dual readout + slow-channel sweep)
Sweeping input_scale=[8.0] x inh_scale=[1.0] x n_input=[100] x tau_syn=[5.0] x adapt_b=[4.0] x tau_w=[400.0] x adapt_b2=[0.0, 1.0, 2.0, 3.0] x tau_w2=[800.0, 1500.0, 3000.0] x hold=[150]  (12 cells)
weights = results_fixed/run_N2000_seed3.npz  (240 reservoir-steps/cell)

 hold  ms/st   adb  tau_w  adb2  tau_w2  input   inh   MC_1  totMC  horiz  reach    separ  end/pk  regime
-------------------------------------------------------------------------------------------------------------------
  150   15.0   4.0    400   0.0     800      8   1.0  0.111   0.56     15     15   0.5029    0.45  CRITICAL-ish
  150   15.0   4.0    400   0.0    1500      8   1.0  0.111   0.56     15     15   0.5029    0.45  CRITICAL-ish
  150   15.0   4.0    400   0.0    3000      8   1.0  0.111   0.56     15     15   0.5029    0.45  CRITICAL-ish
  150   15.0   4.0    400   1.0     800      8   1.0  0.151   0.54     15     15   0.4853    0.69  CRITICAL-ish
  150   15.0   4.0    400   1.0    1500      8   1.0  0.138   0.53     30     30   0.4713    0.75  CRITICAL-ish
  150   15.0   4.0    400   1.0    3000      8   1.0  0.120   0.56     15     15   0.4702    0.58  CRITICAL-ish
  150   15.0   4.0    400   2.0     800      8   1.0  0.089   0.38      0      0   0.4790    0.76  CRITICAL-ish
  150   15.0   4.0    400   2.0    1500      8   1.0  0.097   0.35      0      0   0.5182    0.63  CRITICAL-ish
  150   15.0   4.0    400   2.0    3000      8   1.0  0.063   0.31      0      0   0.4989    0.51  CRITICAL-ish
  150   15.0   4.0    400   3.0     800      8   1.0  0.179   0.68     15     15   0.4682    0.67  CRITICAL-ish
  150   15.0   4.0    400   3.0    1500      8   1.0  0.118   0.50     15     15   0.4330    0.78  CRITICAL-ish
  150   15.0   4.0    400   3.0    3000      8   1.0  0.057   0.33      0      0   0.4751    0.55  CRITICAL-ish

Deepest recall among non-chaotic cells: hold=150 (15ms/step) adapt_b=4.0/tau_w=400 adapt_b2=1.0/tau_w2=1500 input_scale=8  reach=30ms horizon=30ms totalMC=0.53 (CRITICAL-ish)
CSV saved to sweep_csv/mem_dual_seed3.csv

Plot saved to plots/mem_dual_seed3.png

Reading it: the slow second channel (adapt_b2 with tau_w2 ~1-2 s) should
push REACH (deepest recall, solid) and total MC past the ~30 ms single-
channel ceiling. The contiguous horizon (dashed) may lag if memory dips
then recovers. Keep cells whose regime stays FADING / CRITICAL (not CHAOTIC).
[seed 3] finished=Sun 31 May 15:49:31 BST 2026
