[seed 4] host=hex-p3-c2 started=Sun 31 May 15:47:47 BST 2026
[seed 4] weights=results_fixed/run_N2000_seed4.npz -> sweep_csv/mem_dual_seed4.csv  (dual readout + slow-channel sweep)
Sweeping input_scale=[8.0] x inh_scale=[1.0] x n_input=[100] x tau_syn=[5.0] x adapt_b=[4.0] x tau_w=[400.0] x adapt_b2=[0.0, 1.0, 2.0, 3.0] x tau_w2=[800.0, 1500.0, 3000.0] x hold=[150]  (12 cells)
weights = results_fixed/run_N2000_seed4.npz  (240 reservoir-steps/cell)

 hold  ms/st   adb  tau_w  adb2  tau_w2  input   inh   MC_1  totMC  horiz  reach    separ  end/pk  regime
-------------------------------------------------------------------------------------------------------------------
  150   15.0   4.0    400   0.0     800      8   1.0  0.098   0.39      0      0   0.8496    0.42  CRITICAL-ish
  150   15.0   4.0    400   0.0    1500      8   1.0  0.098   0.39      0      0   0.8496    0.42  CRITICAL-ish
  150   15.0   4.0    400   0.0    3000      8   1.0  0.098   0.39      0      0   0.8496    0.42  CRITICAL-ish
  150   15.0   4.0    400   1.0     800      8   1.0  0.231   0.54     15     45   0.6646    0.57  CRITICAL-ish
  150   15.0   4.0    400   1.0    1500      8   1.0  0.135   0.56     15     15   0.7494    0.43  CRITICAL-ish
  150   15.0   4.0    400   1.0    3000      8   1.0  0.057   0.39      0      0   0.7276    0.46  CRITICAL-ish
  150   15.0   4.0    400   2.0     800      8   1.0  0.066   0.30      0      0   0.7513    0.45  CRITICAL-ish
  150   15.0   4.0    400   2.0    1500      8   1.0  0.009   0.40      0      0   0.8116    0.68  CRITICAL-ish
  150   15.0   4.0    400   2.0    3000      8   1.0  0.090   0.38      0      0   0.8218    0.59  CRITICAL-ish
  150   15.0   4.0    400   3.0     800      8   1.0  0.048   0.53      0     30   0.6459    0.33  CRITICAL-ish
  150   15.0   4.0    400   3.0    1500      8   1.0  0.169   0.66     15     15   0.6372    0.27  FADING MEMORY
  150   15.0   4.0    400   3.0    3000      8   1.0  0.104   0.34     15     15   0.6294    0.56  CRITICAL-ish

Deepest recall among non-chaotic cells: hold=150 (15ms/step) adapt_b=4.0/tau_w=400 adapt_b2=1.0/tau_w2=800 input_scale=8  reach=45ms horizon=15ms totalMC=0.54 (CRITICAL-ish)
CSV saved to sweep_csv/mem_dual_seed4.csv

Plot saved to plots/mem_dual_seed4.png

Reading it: the slow second channel (adapt_b2 with tau_w2 ~1-2 s) should
push REACH (deepest recall, solid) and total MC past the ~30 ms single-
channel ceiling. The contiguous horizon (dashed) may lag if memory dips
then recovers. Keep cells whose regime stays FADING / CRITICAL (not CHAOTIC).
[seed 4] finished=Sun 31 May 15:49:35 BST 2026
