[seed 0] host=hex-p3-c1 started=Mon  1 Jun 11:26:50 BST 2026
[seed 0] python=/mnt/nfs/homes/vealg/LIF-neuron-model/.venv/bin/python  numpy=2.4.4
[seed 0] training -> results_mem_current/run_N2000_seed0.npz
[calib] background I_ext mean=4.453  steady rate=15.8Hz (target 10-20Hz, settled tail of 5000 steps)
[init] N=2000 n_exc=1600 readout=600 delay=2 chunk=4 adapt_b=4.0
[rstep   200/8000] recall MSE=0.5259 rate=  0.3Hz  (161s)
[rstep   400/8000] recall MSE=0.3306 rate= 17.0Hz  (329s)
[rstep   600/8000] recall MSE=0.3235 rate= 38.6Hz  (496s)
[rstep   800/8000] recall MSE=0.3532 rate= 16.4Hz  (657s)
[rstep  1000/8000] recall MSE=0.3644 rate= 20.7Hz  (817s)
[rstep  1200/8000] recall MSE=0.3860 rate= 42.3Hz  (971s)
[rstep  1400/8000] recall MSE=0.3269 rate= 33.6Hz  (1130s)
[rstep  1600/8000] recall MSE=0.3483 rate= 28.8Hz  (1285s)
[rstep  1800/8000] recall MSE=0.3471 rate= 16.0Hz  (1442s)
[rstep  2000/8000] recall MSE=0.3224 rate= 41.5Hz  (1606s)
[rstep  2200/8000] recall MSE=0.3163 rate=  1.7Hz  (1766s)
[rstep  2400/8000] recall MSE=0.3473 rate= 40.9Hz  (1925s)
[rstep  2600/8000] recall MSE=0.3612 rate= 37.4Hz  (2079s)
[rstep  2800/8000] recall MSE=0.3052 rate= 64.2Hz  (2230s)
[rstep  3000/8000] recall MSE=0.3418 rate= 43.0Hz  (2383s)
[rstep  3200/8000] recall MSE=0.3388 rate= 43.5Hz  (2537s)
[rstep  3400/8000] recall MSE=0.3457 rate=  3.4Hz  (2689s)
[rstep  3600/8000] recall MSE=0.3747 rate= 30.8Hz  (2841s)
[rstep  3800/8000] recall MSE=0.3759 rate= 93.1Hz  (2994s)
[rstep  4000/8000] recall MSE=0.7894 rate= 17.6Hz  (3145s)
[rstep  4200/8000] recall MSE=0.4017 rate= 31.1Hz  (3297s)
[rstep  4400/8000] recall MSE=1.1101 rate= 37.7Hz  (3453s)
[rstep  4600/8000] recall MSE=0.8477 rate=  4.7Hz  (3608s)
[rstep  4800/8000] recall MSE=0.2962 rate=119.1Hz  (3761s)
[rstep  5000/8000] recall MSE=0.2870 rate= 58.8Hz  (3916s)
[rstep  5200/8000] recall MSE=0.4384 rate=  4.3Hz  (4069s)
[rstep  5400/8000] recall MSE=0.3251 rate=  2.9Hz  (4224s)
[rstep  5600/8000] recall MSE=0.3523 rate= 11.5Hz  (4377s)
[rstep  5800/8000] recall MSE=0.3951 rate=  7.3Hz  (4531s)
[rstep  6000/8000] recall MSE=0.3348 rate=  0.6Hz  (4685s)
[rstep  6200/8000] recall MSE=0.5895 rate=  1.2Hz  (4836s)
[rstep  6400/8000] recall MSE=0.4771 rate=  0.8Hz  (4989s)
[rstep  6600/8000] recall MSE=0.5576 rate= 61.4Hz  (5141s)
[rstep  6800/8000] recall MSE=0.3034 rate= 21.6Hz  (5297s)
[rstep  7000/8000] recall MSE=0.3003 rate=  2.3Hz  (5451s)
[rstep  7200/8000] recall MSE=1.5195 rate=  3.2Hz  (5604s)
[rstep  7400/8000] recall MSE=0.5328 rate= 11.9Hz  (5757s)
[rstep  7600/8000] recall MSE=0.5122 rate= 91.1Hz  (5910s)
[rstep  7800/8000] recall MSE=0.3354 rate=107.1Hz  (6063s)
[rstep  8000/8000] recall MSE=0.9467 rate= 64.8Hz  (6213s)
[done] final recall MSE=0.9467 (chance for U(-1,1) = 0.3333)  total 6213s
[saved] results_mem_current/run_N2000_seed0.npz
[seed 0] training done=Mon  1 Jun 13:10:24 BST 2026
[seed 0] NOTE: benchmark skipped - port reservoir_capacity.py to current-based synapses before scoring results_mem_current/run_N2000_seed0.npz
