[seed 1] host=hex-p3-c2 started=Mon  1 Jun 11:26:50 BST 2026
[seed 1] python=/mnt/nfs/homes/vealg/LIF-neuron-model/.venv/bin/python  numpy=2.4.4
[seed 1] training -> results_mem_current/run_N2000_seed1.npz
[calib] background I_ext mean=4.219  steady rate=10.3Hz (target 10-20Hz, settled tail of 5000 steps)
[init] N=2000 n_exc=1600 readout=600 delay=2 chunk=4 adapt_b=4.0
[rstep   200/8000] recall MSE=0.4335 rate= 11.1Hz  (326s)
[rstep   400/8000] recall MSE=0.3478 rate= 18.7Hz  (651s)
[rstep   600/8000] recall MSE=0.3370 rate= 45.6Hz  (971s)
[rstep   800/8000] recall MSE=0.3591 rate= 16.3Hz  (1290s)
[rstep  1000/8000] recall MSE=0.3312 rate=  1.6Hz  (1612s)
[rstep  1200/8000] recall MSE=0.3220 rate=  8.2Hz  (1933s)
[rstep  1400/8000] recall MSE=0.2921 rate= 33.8Hz  (2250s)
[rstep  1600/8000] recall MSE=0.3106 rate= 18.7Hz  (2572s)
[rstep  1800/8000] recall MSE=0.3024 rate= 28.3Hz  (2891s)
[rstep  2000/8000] recall MSE=0.3398 rate= 16.3Hz  (3209s)
[rstep  2200/8000] recall MSE=0.3699 rate= 15.3Hz  (3527s)
[rstep  2400/8000] recall MSE=0.4127 rate= 19.1Hz  (3843s)
[rstep  2600/8000] recall MSE=0.3584 rate= 16.5Hz  (4160s)
[rstep  2800/8000] recall MSE=0.3911 rate=  5.0Hz  (4476s)
[rstep  3000/8000] recall MSE=0.3224 rate= 35.0Hz  (4795s)
[rstep  3200/8000] recall MSE=0.3413 rate= 31.2Hz  (5117s)
[rstep  3400/8000] recall MSE=0.3250 rate=  1.6Hz  (5437s)
[rstep  3600/8000] recall MSE=0.3387 rate= 54.1Hz  (5754s)
[rstep  3800/8000] recall MSE=0.3479 rate= 13.9Hz  (6075s)
[rstep  4000/8000] recall MSE=0.3428 rate= 33.2Hz  (6397s)
[rstep  4200/8000] recall MSE=0.4493 rate= 57.1Hz  (6720s)
[rstep  4400/8000] recall MSE=0.3475 rate=  2.7Hz  (7017s)
[rstep  4600/8000] recall MSE=0.3485 rate=  2.8Hz  (7303s)
[rstep  4800/8000] recall MSE=0.3930 rate= 60.5Hz  (7577s)
[rstep  5000/8000] recall MSE=0.4251 rate= 34.1Hz  (7830s)
[rstep  5200/8000] recall MSE=0.3313 rate= 24.0Hz  (8054s)
[rstep  5400/8000] recall MSE=0.3157 rate= 17.9Hz  (8269s)
[rstep  5600/8000] recall MSE=0.3724 rate= 15.3Hz  (8480s)
[rstep  5800/8000] recall MSE=0.3429 rate= 33.4Hz  (8693s)
[rstep  6000/8000] recall MSE=0.2952 rate= 43.9Hz  (8915s)
[rstep  6200/8000] recall MSE=0.5264 rate= 36.4Hz  (9131s)
[rstep  6400/8000] recall MSE=0.3256 rate= 35.9Hz  (9348s)
[rstep  6600/8000] recall MSE=0.3248 rate=  7.7Hz  (9568s)
[rstep  6800/8000] recall MSE=0.3253 rate=  0.8Hz  (9791s)
[rstep  7000/8000] recall MSE=0.3466 rate= 19.7Hz  (10019s)
[rstep  7200/8000] recall MSE=0.6084 rate=  2.7Hz  (10201s)
[rstep  7400/8000] recall MSE=0.3645 rate=  8.8Hz  (10343s)
[rstep  7600/8000] recall MSE=0.3396 rate= 93.5Hz  (10480s)
[rstep  7800/8000] recall MSE=0.4226 rate=123.4Hz  (10615s)
[rstep  8000/8000] recall MSE=0.7655 rate=  2.2Hz  (10776s)
[done] final recall MSE=0.7655 (chance for U(-1,1) = 0.3333)  total 10776s
[saved] results_mem_current/run_N2000_seed1.npz
[seed 1] training done=Mon  1 Jun 14:26:26 BST 2026
[seed 1] NOTE: benchmark skipped - port reservoir_capacity.py to current-based synapses before scoring results_mem_current/run_N2000_seed1.npz
