[seed 9] host=hex-p3-c6 started=Mon  1 Jun 13:10:18 BST 2026
[seed 9] python=/mnt/nfs/homes/vealg/LIF-neuron-model/.venv/bin/python  numpy=2.4.4
[seed 9] training -> results_mem_current/run_N2000_seed9.npz
[calib] background I_ext mean=4.219  steady rate=10.6Hz (target 10-20Hz, settled tail of 5000 steps)
[init] N=2000 n_exc=1600 readout=600 delay=2 chunk=4 adapt_b=4.0
[rstep   200/8000] recall MSE=0.5074 rate=  4.4Hz  (132s)
[rstep   400/8000] recall MSE=0.4088 rate=  2.5Hz  (260s)
[rstep   600/8000] recall MSE=0.2978 rate= 19.3Hz  (381s)
[rstep   800/8000] recall MSE=0.3164 rate= 30.9Hz  (500s)
[rstep  1000/8000] recall MSE=0.2977 rate=  0.1Hz  (619s)
[rstep  1200/8000] recall MSE=0.3215 rate=  7.5Hz  (740s)
[rstep  1400/8000] recall MSE=0.3369 rate=  0.1Hz  (860s)
[rstep  1600/8000] recall MSE=0.3144 rate= 36.4Hz  (981s)
[rstep  1800/8000] recall MSE=0.2963 rate= 28.2Hz  (1101s)
[rstep  2000/8000] recall MSE=0.3362 rate= 15.4Hz  (1222s)
[rstep  2200/8000] recall MSE=0.3591 rate=  0.9Hz  (1344s)
[rstep  2400/8000] recall MSE=0.3178 rate= 17.4Hz  (1466s)
[rstep  2600/8000] recall MSE=0.2887 rate= 36.5Hz  (1590s)
[rstep  2800/8000] recall MSE=0.3402 rate= 30.3Hz  (1715s)
[rstep  3000/8000] recall MSE=0.2801 rate= 41.0Hz  (1840s)
[rstep  3200/8000] recall MSE=0.3535 rate= 15.1Hz  (1974s)
[rstep  3400/8000] recall MSE=0.3118 rate= 55.3Hz  (2106s)
[rstep  3600/8000] recall MSE=0.3309 rate= 21.7Hz  (2237s)
[rstep  3800/8000] recall MSE=0.3231 rate= 17.3Hz  (2370s)
[rstep  4000/8000] recall MSE=0.2901 rate=  3.1Hz  (2500s)
[rstep  4200/8000] recall MSE=0.3417 rate= 40.7Hz  (2627s)
[rstep  4400/8000] recall MSE=0.3205 rate= 52.4Hz  (2755s)
[rstep  4600/8000] recall MSE=0.3348 rate= 60.5Hz  (2884s)
[rstep  4800/8000] recall MSE=0.3979 rate= 17.7Hz  (3013s)
[rstep  5000/8000] recall MSE=0.3591 rate= 13.7Hz  (3141s)
[rstep  5200/8000] recall MSE=0.3515 rate=  3.6Hz  (3271s)
[rstep  5400/8000] recall MSE=0.3307 rate= 55.7Hz  (3400s)
[rstep  5600/8000] recall MSE=0.2876 rate= 72.9Hz  (3530s)
[rstep  5800/8000] recall MSE=0.3055 rate= 52.5Hz  (3658s)
[rstep  6000/8000] recall MSE=0.3624 rate=  5.8Hz  (3782s)
[rstep  6200/8000] recall MSE=0.4752 rate= 67.2Hz  (3902s)
[rstep  6400/8000] recall MSE=0.4156 rate= 25.3Hz  (4020s)
[rstep  6600/8000] recall MSE=0.3228 rate= 16.7Hz  (4129s)
[rstep  6800/8000] recall MSE=0.3359 rate= 52.1Hz  (4237s)
[rstep  7000/8000] recall MSE=0.4227 rate=  1.3Hz  (4347s)
[rstep  7200/8000] recall MSE=0.4053 rate=  1.8Hz  (4445s)
[rstep  7400/8000] recall MSE=0.5372 rate=120.8Hz  (4535s)
[rstep  7600/8000] recall MSE=0.4359 rate=  1.1Hz  (4621s)
[rstep  7800/8000] recall MSE=0.3515 rate=  1.4Hz  (4706s)
[rstep  8000/8000] recall MSE=0.5339 rate= 58.0Hz  (4791s)
[done] final recall MSE=0.5339 (chance for U(-1,1) = 0.3333)  total 4791s
[saved] results_mem_current/run_N2000_seed9.npz
[seed 9] training done=Mon  1 Jun 14:30:09 BST 2026
[seed 9] NOTE: benchmark skipped - port reservoir_capacity.py to current-based synapses before scoring results_mem_current/run_N2000_seed9.npz
