[seed 6] host=hex-p3-c7 started=Mon  1 Jun 11:26:50 BST 2026
[seed 6] python=/mnt/nfs/homes/vealg/LIF-neuron-model/.venv/bin/python  numpy=2.4.4
[seed 6] training -> results_mem_current/run_N2000_seed6.npz
[calib] background I_ext mean=4.453  steady rate=16.6Hz (target 10-20Hz, settled tail of 5000 steps)
[init] N=2000 n_exc=1600 readout=600 delay=2 chunk=4 adapt_b=4.0
[rstep   200/8000] recall MSE=0.3633 rate= 22.1Hz  (152s)
[rstep   400/8000] recall MSE=0.3348 rate=  1.0Hz  (309s)
[rstep   600/8000] recall MSE=0.3965 rate=  0.1Hz  (469s)
[rstep   800/8000] recall MSE=0.3297 rate=  2.3Hz  (628s)
[rstep  1000/8000] recall MSE=0.3137 rate= 49.4Hz  (778s)
[rstep  1200/8000] recall MSE=0.3004 rate= 16.8Hz  (926s)
[rstep  1400/8000] recall MSE=0.3141 rate= 36.4Hz  (1073s)
[rstep  1600/8000] recall MSE=0.3021 rate=  0.4Hz  (1221s)
[rstep  1800/8000] recall MSE=0.3574 rate= 75.3Hz  (1370s)
[rstep  2000/8000] recall MSE=0.3173 rate= 16.7Hz  (1519s)
[rstep  2200/8000] recall MSE=0.3630 rate=  0.9Hz  (1677s)
[rstep  2400/8000] recall MSE=0.6208 rate= 29.1Hz  (1828s)
[rstep  2600/8000] recall MSE=0.5573 rate= 58.2Hz  (1978s)
[rstep  2800/8000] recall MSE=0.3449 rate= 16.6Hz  (2128s)
[rstep  3000/8000] recall MSE=0.2988 rate=  1.7Hz  (2279s)
[rstep  3200/8000] recall MSE=0.3178 rate= 34.7Hz  (2438s)
[rstep  3400/8000] recall MSE=0.3254 rate= 12.6Hz  (2599s)
[rstep  3600/8000] recall MSE=0.3073 rate= 49.7Hz  (2765s)
[rstep  3800/8000] recall MSE=0.3224 rate= 46.8Hz  (2918s)
[rstep  4000/8000] recall MSE=0.3405 rate= 78.5Hz  (3069s)
[rstep  4200/8000] recall MSE=0.3157 rate= 23.4Hz  (3222s)
[rstep  4400/8000] recall MSE=0.4116 rate= 22.0Hz  (3372s)
[rstep  4600/8000] recall MSE=0.3192 rate= 52.0Hz  (3522s)
[rstep  4800/8000] recall MSE=0.3693 rate= 47.5Hz  (3674s)
[rstep  5000/8000] recall MSE=0.3816 rate= 52.8Hz  (3826s)
[rstep  5200/8000] recall MSE=0.3491 rate= 75.2Hz  (3977s)
[rstep  5400/8000] recall MSE=0.3480 rate=  8.6Hz  (4131s)
[rstep  5600/8000] recall MSE=0.3989 rate=  1.4Hz  (4291s)
[rstep  5800/8000] recall MSE=0.3974 rate=  2.6Hz  (4441s)
[rstep  6000/8000] recall MSE=0.3697 rate= 35.6Hz  (4594s)
[rstep  6200/8000] recall MSE=0.3216 rate= 60.3Hz  (4748s)
[rstep  6400/8000] recall MSE=0.3993 rate= 56.0Hz  (4911s)
[rstep  6600/8000] recall MSE=0.3581 rate= 82.0Hz  (5069s)
[rstep  6800/8000] recall MSE=0.4620 rate=141.1Hz  (5228s)
[rstep  7000/8000] recall MSE=0.7532 rate=  0.2Hz  (5382s)
[rstep  7200/8000] recall MSE=0.3994 rate=  0.6Hz  (5534s)
[rstep  7400/8000] recall MSE=0.4475 rate=  0.6Hz  (5689s)
[rstep  7600/8000] recall MSE=5.1873 rate=  4.5Hz  (5843s)
[rstep  7800/8000] recall MSE=0.3837 rate=  3.3Hz  (5998s)
[rstep  8000/8000] recall MSE=0.3229 rate=  6.4Hz  (6154s)
[done] final recall MSE=0.3229 (chance for U(-1,1) = 0.3333)  total 6154s
[saved] results_mem_current/run_N2000_seed6.npz
[seed 6] training done=Mon  1 Jun 13:09:25 BST 2026
[seed 6] NOTE: benchmark skipped - port reservoir_capacity.py to current-based synapses before scoring results_mem_current/run_N2000_seed6.npz
